2024.03.08 14:20:22 INFO  Started: Metals version 1.2.2 in folders '/Users/virajparikh/viraj_work/NYU_Assignments/BDAD/lab5/Lab5' for client Visual Studio Code 1.87.1.
14:20:23.724 [pool-1-thread-1] INFO org.flywaydb.core.internal.license.VersionPrinter -- Flyway Community Edition 9.22.3 by Redgate
14:20:23.728 [pool-1-thread-1] INFO org.flywaydb.core.internal.license.VersionPrinter -- See release notes here: https://rd.gt/416ObMi
14:20:23.729 [pool-1-thread-1] INFO org.flywaydb.core.internal.license.VersionPrinter -- 
14:20:23.733 [pool-1-thread-1] DEBUG org.flywaydb.core.internal.scanner.classpath.ClassPathScanner -- Scanning for classpath resources at 'classpath:db/callback' ...
14:20:23.733 [pool-1-thread-1] DEBUG org.flywaydb.core.internal.scanner.classpath.ClassPathScanner -- Determining location urls for classpath:db/callback using ClassLoader jdk.internal.loader.ClassLoaders$AppClassLoader@55054057 ...
14:20:23.733 [pool-1-thread-1] DEBUG org.flywaydb.core.internal.scanner.classpath.ClassPathScanner -- Unable to resolve location classpath:db/callback.
14:20:23.733 [pool-1-thread-1] DEBUG org.flywaydb.core.internal.scanner.classpath.ClassPathScanner -- Scanning for classpath resources at 'classpath:db/migration' ...
14:20:23.733 [pool-1-thread-1] DEBUG org.flywaydb.core.internal.scanner.classpath.ClassPathScanner -- Determining location urls for classpath:db/migration using ClassLoader jdk.internal.loader.ClassLoaders$AppClassLoader@55054057 ...
14:20:23.734 [pool-1-thread-1] DEBUG org.flywaydb.core.internal.scanner.classpath.ClassPathScanner -- Scanning URL: jar:file:/Users/virajparikh/Library/Caches/Coursier/v1/https/repo1.maven.org/maven2/org/scalameta/metals_2.13/1.2.2/metals_2.13-1.2.2.jar!/db/migration
14:20:23.737 [pool-1-thread-1] DEBUG org.flywaydb.core.internal.scanner.classpath.ClassPathScanner -- Found resource: db/migration/
14:20:23.737 [pool-1-thread-1] DEBUG org.flywaydb.core.internal.scanner.classpath.ClassPathScanner -- Found resource: db/migration/V1__Create_tables.sql
14:20:23.737 [pool-1-thread-1] DEBUG org.flywaydb.core.internal.scanner.classpath.ClassPathScanner -- Found resource: db/migration/V2__Server_discovery.sql
14:20:23.737 [pool-1-thread-1] DEBUG org.flywaydb.core.internal.scanner.classpath.ClassPathScanner -- Found resource: db/migration/V3__Jar_symbols.sql
14:20:23.738 [pool-1-thread-1] DEBUG org.flywaydb.core.internal.scanner.classpath.ClassPathScanner -- Found resource: db/migration/V4__Fingerprints.sql
14:20:23.738 [pool-1-thread-1] DEBUG org.flywaydb.core.internal.scanner.classpath.ClassPathScanner -- Scanning for classes at classpath:db/migration
14:20:23.742 [pool-1-thread-1] DEBUG org.flywaydb.core.internal.scanner.Scanner -- Filtering out resource: db/migration/ (filename: )
14:20:23.742 [pool-1-thread-1] DEBUG org.flywaydb.core.internal.resource.ResourceNameValidator -- Validating V4__Fingerprints.sql
14:20:23.743 [pool-1-thread-1] DEBUG org.flywaydb.core.internal.resource.ResourceNameValidator -- Validating V2__Server_discovery.sql
14:20:23.743 [pool-1-thread-1] DEBUG org.flywaydb.core.internal.resource.ResourceNameValidator -- Validating V3__Jar_symbols.sql
14:20:23.743 [pool-1-thread-1] DEBUG org.flywaydb.core.internal.resource.ResourceNameValidator -- Validating V1__Create_tables.sql
14:20:23.833 [pool-1-thread-1] INFO org.flywaydb.core.FlywayExecutor -- Database: jdbc:h2:file:/Users/virajparikh/viraj_work/NYU_Assignments/BDAD/lab5/Lab5/.metals/metals (H2 2.2)
14:20:23.833 [pool-1-thread-1] DEBUG org.flywaydb.core.FlywayExecutor -- Driver: H2 JDBC Driver 2.2.224 (2023-09-17)
14:20:23.833 [pool-1-thread-1] DEBUG org.flywaydb.core.FlywayExecutor -- DDL Transactions Supported: false
14:20:23.835 [pool-1-thread-1] DEBUG org.flywaydb.core.internal.schemahistory.SchemaHistoryFactory -- Schemas: 
14:20:23.836 [pool-1-thread-1] DEBUG org.flywaydb.core.internal.schemahistory.SchemaHistoryFactory -- Default schema: null
14:20:23.845 [pool-1-thread-1] WARN org.flywaydb.core.internal.database.base.Database -- Flyway upgrade recommended: H2 2.2.224 is newer than this version of Flyway and support has not been tested. The latest supported version of H2 is 2.2.220.
14:20:23.846 [pool-1-thread-1] DEBUG org.flywaydb.core.internal.callback.SqlScriptCallbackFactory -- Scanning for SQL callbacks ...
14:20:23.847 [pool-1-thread-1] DEBUG org.flywaydb.core.internal.scanner.Scanner -- Filtering out resource: db/migration/ (filename: )
14:20:23.866 [pool-1-thread-1] DEBUG org.flywaydb.core.internal.command.DbValidate -- Validating migrations ...
14:20:23.876 [pool-1-thread-1] DEBUG org.flywaydb.core.internal.scanner.Scanner -- Filtering out resource: db/migration/ (filename: )
14:20:23.894 [pool-1-thread-1] DEBUG org.flywaydb.core.internal.scanner.Scanner -- Filtering out resource: db/migration/V4__Fingerprints.sql (filename: V4__Fingerprints.sql)
14:20:23.894 [pool-1-thread-1] DEBUG org.flywaydb.core.internal.scanner.Scanner -- Filtering out resource: db/migration/V2__Server_discovery.sql (filename: V2__Server_discovery.sql)
14:20:23.894 [pool-1-thread-1] DEBUG org.flywaydb.core.internal.scanner.Scanner -- Filtering out resource: db/migration/V3__Jar_symbols.sql (filename: V3__Jar_symbols.sql)
14:20:23.895 [pool-1-thread-1] DEBUG org.flywaydb.core.internal.scanner.Scanner -- Filtering out resource: db/migration/V1__Create_tables.sql (filename: V1__Create_tables.sql)
14:20:23.895 [pool-1-thread-1] DEBUG org.flywaydb.core.internal.scanner.Scanner -- Filtering out resource: db/migration/ (filename: )
14:20:23.896 [pool-1-thread-1] DEBUG org.flywaydb.core.internal.scanner.Scanner -- Filtering out resource: db/migration/V4__Fingerprints.sql (filename: V4__Fingerprints.sql)
14:20:23.896 [pool-1-thread-1] DEBUG org.flywaydb.core.internal.scanner.Scanner -- Filtering out resource: db/migration/V2__Server_discovery.sql (filename: V2__Server_discovery.sql)
14:20:23.896 [pool-1-thread-1] DEBUG org.flywaydb.core.internal.scanner.Scanner -- Filtering out resource: db/migration/V3__Jar_symbols.sql (filename: V3__Jar_symbols.sql)
14:20:23.896 [pool-1-thread-1] DEBUG org.flywaydb.core.internal.scanner.Scanner -- Filtering out resource: db/migration/V1__Create_tables.sql (filename: V1__Create_tables.sql)
14:20:23.896 [pool-1-thread-1] DEBUG org.flywaydb.core.internal.scanner.Scanner -- Filtering out resource: db/migration/ (filename: )
14:20:23.898 [pool-1-thread-1] INFO org.flywaydb.core.internal.schemahistory.JdbcTableSchemaHistory -- Schema history table "PUBLIC"."flyway_schema_history" does not exist yet
14:20:23.905 [pool-1-thread-1] INFO org.flywaydb.core.internal.command.DbValidate -- Successfully validated 4 migrations (execution time 00:00.036s)
14:20:23.910 [pool-1-thread-1] DEBUG org.flywaydb.core.internal.command.DbSchemas -- Skipping creation of existing schema: "PUBLIC"
14:20:23.916 [pool-1-thread-1] INFO org.flywaydb.core.internal.schemahistory.JdbcTableSchemaHistory -- Creating Schema History table "PUBLIC"."flyway_schema_history" ...
14:20:23.919 [pool-1-thread-1] DEBUG org.flywaydb.core.internal.parser.Parser -- Parsing  ...
14:20:23.939 [pool-1-thread-1] DEBUG org.flywaydb.core.internal.sqlscript.ParserSqlScript -- Found statement at line 1: CREATE TABLE IF NOT EXISTS "PUBLIC"."flyway_schema_history" (
    "installed_rank" INT NOT NULL,
    "version" VARCHAR(50),
    "description" VARCHAR(200) NOT NULL,
    "type" VARCHAR(20) NOT NULL,
    "script" VARCHAR(1000) NOT NULL,
    "checksum" INT,
    "installed_by" VARCHAR(100) NOT NULL,
    "installed_on" TIMESTAMP NOT NULL DEFAULT CURRENT_TIMESTAMP,
    "execution_time" INT NOT NULL,
    "success" BOOLEAN NOT NULL,
    CONSTRAINT "flyway_schema_history_pk" PRIMARY KEY ("installed_rank")
) AS SELECT -1, NULL, '<< Flyway Schema History table created >>', 'TABLE', '', NULL, 'SA', CURRENT_TIMESTAMP, 0, TRUE
14:20:23.940 [pool-1-thread-1] DEBUG org.flywaydb.core.internal.sqlscript.ParserSqlScript -- Found statement at line 14: CREATE INDEX "PUBLIC"."flyway_schema_history_s_idx" ON "PUBLIC"."flyway_schema_history" ("success")
14:20:23.940 [pool-1-thread-1] DEBUG org.flywaydb.core.internal.sqlscript.DefaultSqlScriptExecutor -- Executing SQL: CREATE TABLE IF NOT EXISTS "PUBLIC"."flyway_schema_history" (
    "installed_rank" INT NOT NULL,
    "version" VARCHAR(50),
    "description" VARCHAR(200) NOT NULL,
    "type" VARCHAR(20) NOT NULL,
    "script" VARCHAR(1000) NOT NULL,
    "checksum" INT,
    "installed_by" VARCHAR(100) NOT NULL,
    "installed_on" TIMESTAMP NOT NULL DEFAULT CURRENT_TIMESTAMP,
    "execution_time" INT NOT NULL,
    "success" BOOLEAN NOT NULL,
    CONSTRAINT "flyway_schema_history_pk" PRIMARY KEY ("installed_rank")
) AS SELECT -1, NULL, '<< Flyway Schema History table created >>', 'TABLE', '', NULL, 'SA', CURRENT_TIMESTAMP, 0, TRUE
14:20:23.949 [pool-1-thread-1] DEBUG org.flywaydb.core.internal.sqlscript.DefaultSqlScriptExecutor -- 0 rows affected
14:20:23.950 [pool-1-thread-1] DEBUG org.flywaydb.core.internal.sqlscript.DefaultSqlScriptExecutor -- Executing SQL: CREATE INDEX "PUBLIC"."flyway_schema_history_s_idx" ON "PUBLIC"."flyway_schema_history" ("success")
14:20:23.954 [pool-1-thread-1] DEBUG org.flywaydb.core.internal.sqlscript.DefaultSqlScriptExecutor -- 0 rows affected
14:20:23.955 [pool-1-thread-1] DEBUG org.flywaydb.core.internal.schemahistory.JdbcTableSchemaHistory -- Created Schema History table "PUBLIC"."flyway_schema_history"
14:20:23.966 [pool-1-thread-1] INFO org.flywaydb.core.internal.command.DbMigrate -- Current version of schema "PUBLIC": << Empty Schema >>
14:20:23.967 [pool-1-thread-1] DEBUG org.flywaydb.core.internal.parser.Parser -- Parsing V1__Create_tables.sql ...
14:20:23.974 [pool-1-thread-1] DEBUG org.flywaydb.core.internal.sqlscript.ParserSqlScript -- Found statement at line 4: -- The relationship between library dependency sources under .metals/readonly/**
-- and build targets they belong to. Required to know what classpath to use
-- for compiling dependency sources.
create table dependency_source(
  text_document_uri varchar primary key,
  build_target_uri varchar not null
)
14:20:23.975 [pool-1-thread-1] DEBUG org.flywaydb.core.internal.sqlscript.ParserSqlScript -- Found statement at line 12: -- The relationship between library dependency sources under .metals/readonly/**
-- and worksheets they belong to. Required to know what classpath to use
-- for compiling dependency sources.
create table worksheet_dependency_source(
  text_document_uri varchar primary key,
  worksheet_uri varchar not null
)
14:20:23.976 [pool-1-thread-1] DEBUG org.flywaydb.core.internal.sqlscript.ParserSqlScript -- Found statement at line 19: -- The relationship between what library dependency sources under .metals/readonly/**
-- map to which build targets.
create table sbt_digest(
  md5 varchar,
  status tinyint not null,
  when_recorded timestamp
)
14:20:23.979 [pool-1-thread-1] DEBUG org.flywaydb.core.internal.sqlscript.ParserSqlScript -- Found statement at line 27: -- Which window/showMessage and window/showMessageRequest dialogues have been dismissed
-- by the user via "Don't show again" or closed by clicking on "x".
create table dismissed_notification(
  id int,
  when_dismissed timestamp,
  when_expires timestamp
)
14:20:23.980 [pool-1-thread-1] DEBUG org.flywaydb.core.internal.sqlscript.ParserSqlScript -- Found statement at line 34: -- The choice of build tool when multiple build tool files are found in a workspace
create table chosen_build_tool(
  build_tool varchar primary key
)
14:20:23.982 [pool-1-thread-1] DEBUG org.flywaydb.core.internal.command.DbMigrate -- Starting migration of schema "PUBLIC" to version "1 - Create tables" ...
14:20:23.983 [pool-1-thread-1] INFO org.flywaydb.core.internal.command.DbMigrate -- Migrating schema "PUBLIC" to version "1 - Create tables"
14:20:23.985 [pool-1-thread-1] DEBUG org.flywaydb.core.internal.sqlscript.DefaultSqlScriptExecutor -- Executing SQL: -- The relationship between library dependency sources under .metals/readonly/**
-- and build targets they belong to. Required to know what classpath to use
-- for compiling dependency sources.
create table dependency_source(
  text_document_uri varchar primary key,
  build_target_uri varchar not null
)
14:20:23.991 [pool-1-thread-1] DEBUG org.flywaydb.core.internal.sqlscript.DefaultSqlScriptExecutor -- 0 rows affected
14:20:23.992 [pool-1-thread-1] DEBUG org.flywaydb.core.internal.sqlscript.DefaultSqlScriptExecutor -- Executing SQL: -- The relationship between library dependency sources under .metals/readonly/**
-- and worksheets they belong to. Required to know what classpath to use
-- for compiling dependency sources.
create table worksheet_dependency_source(
  text_document_uri varchar primary key,
  worksheet_uri varchar not null
)
14:20:23.994 [pool-1-thread-1] DEBUG org.flywaydb.core.internal.sqlscript.DefaultSqlScriptExecutor -- 0 rows affected
14:20:23.994 [pool-1-thread-1] DEBUG org.flywaydb.core.internal.sqlscript.DefaultSqlScriptExecutor -- Executing SQL: -- The relationship between what library dependency sources under .metals/readonly/**
-- map to which build targets.
create table sbt_digest(
  md5 varchar,
  status tinyint not null,
  when_recorded timestamp
)
14:20:23.996 [pool-1-thread-1] DEBUG org.flywaydb.core.internal.sqlscript.DefaultSqlScriptExecutor -- 0 rows affected
14:20:23.996 [pool-1-thread-1] DEBUG org.flywaydb.core.internal.sqlscript.DefaultSqlScriptExecutor -- Executing SQL: -- Which window/showMessage and window/showMessageRequest dialogues have been dismissed
-- by the user via "Don't show again" or closed by clicking on "x".
create table dismissed_notification(
  id int,
  when_dismissed timestamp,
  when_expires timestamp
)
14:20:23.997 [pool-1-thread-1] DEBUG org.flywaydb.core.internal.sqlscript.DefaultSqlScriptExecutor -- 0 rows affected
14:20:23.997 [pool-1-thread-1] DEBUG org.flywaydb.core.internal.sqlscript.DefaultSqlScriptExecutor -- Executing SQL: -- The choice of build tool when multiple build tool files are found in a workspace
create table chosen_build_tool(
  build_tool varchar primary key
)
14:20:23.999 [pool-1-thread-1] DEBUG org.flywaydb.core.internal.sqlscript.DefaultSqlScriptExecutor -- 0 rows affected
14:20:24.000 [pool-1-thread-1] DEBUG org.flywaydb.core.internal.command.DbMigrate -- Successfully completed migration of schema "PUBLIC" to version "1 - Create tables"
14:20:24.006 [pool-1-thread-1] DEBUG org.flywaydb.core.internal.schemahistory.JdbcTableSchemaHistory -- Schema History table "PUBLIC"."flyway_schema_history" successfully updated to reflect changes
14:20:24.012 [pool-1-thread-1] DEBUG org.flywaydb.core.internal.parser.Parser -- Parsing V2__Server_discovery.sql ...
14:20:24.015 [pool-1-thread-1] DEBUG org.flywaydb.core.internal.sqlscript.ParserSqlScript -- Found statement at line 4: -- For each unique combination of installed build servers we select one server.
-- The md5 checksum is computed from the names of the installed build servers, and
-- the selected server is the server which the user chose for this workspace.
create table chosen_build_server(
  md5 varchar primary key,
  selected_server varchar,
  when_recorded timestamp
)
14:20:24.016 [pool-1-thread-1] DEBUG org.flywaydb.core.internal.command.DbMigrate -- Starting migration of schema "PUBLIC" to version "2 - Server discovery" ...
14:20:24.017 [pool-1-thread-1] INFO org.flywaydb.core.internal.command.DbMigrate -- Migrating schema "PUBLIC" to version "2 - Server discovery"
14:20:24.017 [pool-1-thread-1] DEBUG org.flywaydb.core.internal.sqlscript.DefaultSqlScriptExecutor -- Executing SQL: -- For each unique combination of installed build servers we select one server.
-- The md5 checksum is computed from the names of the installed build servers, and
-- the selected server is the server which the user chose for this workspace.
create table chosen_build_server(
  md5 varchar primary key,
  selected_server varchar,
  when_recorded timestamp
)
14:20:24.019 [pool-1-thread-1] DEBUG org.flywaydb.core.internal.sqlscript.DefaultSqlScriptExecutor -- 0 rows affected
14:20:24.020 [pool-1-thread-1] DEBUG org.flywaydb.core.internal.command.DbMigrate -- Successfully completed migration of schema "PUBLIC" to version "2 - Server discovery"
14:20:24.022 [pool-1-thread-1] DEBUG org.flywaydb.core.internal.schemahistory.JdbcTableSchemaHistory -- Schema History table "PUBLIC"."flyway_schema_history" successfully updated to reflect changes
14:20:24.030 [pool-1-thread-1] DEBUG org.flywaydb.core.internal.parser.Parser -- Parsing V3__Jar_symbols.sql ...
14:20:24.032 [pool-1-thread-1] DEBUG org.flywaydb.core.internal.sqlscript.ParserSqlScript -- Found statement at line 2: -- Indexed jars, the MD5 digest of path, modified time and size as key
create table indexed_jar(
  id int auto_increment unique,
  md5 varchar primary key
)
14:20:24.034 [pool-1-thread-1] DEBUG org.flywaydb.core.internal.sqlscript.ParserSqlScript -- Found statement at line 7: -- Top Level Symbols per jar, allow for multiple jars with same symbols and paths
create table toplevel_symbol(
  symbol varchar not null,
  path varchar not null,
  jar int,
  foreign key (jar) references indexed_jar (id) on delete cascade,
  primary key (jar, path, symbol)
)
14:20:24.035 [pool-1-thread-1] DEBUG org.flywaydb.core.internal.sqlscript.ParserSqlScript -- Found statement at line 15: -- Create index to speedup lookup of jar symbols
create index toplevel_symbol_jar on toplevel_symbol(jar)
14:20:24.036 [pool-1-thread-1] DEBUG org.flywaydb.core.internal.command.DbMigrate -- Starting migration of schema "PUBLIC" to version "3 - Jar symbols" ...
14:20:24.037 [pool-1-thread-1] INFO org.flywaydb.core.internal.command.DbMigrate -- Migrating schema "PUBLIC" to version "3 - Jar symbols"
14:20:24.038 [pool-1-thread-1] DEBUG org.flywaydb.core.internal.sqlscript.DefaultSqlScriptExecutor -- Executing SQL: -- Indexed jars, the MD5 digest of path, modified time and size as key
create table indexed_jar(
  id int auto_increment unique,
  md5 varchar primary key
)
14:20:24.043 [pool-1-thread-1] DEBUG org.flywaydb.core.internal.sqlscript.DefaultSqlScriptExecutor -- 0 rows affected
14:20:24.043 [pool-1-thread-1] DEBUG org.flywaydb.core.internal.sqlscript.DefaultSqlScriptExecutor -- Executing SQL: -- Top Level Symbols per jar, allow for multiple jars with same symbols and paths
create table toplevel_symbol(
  symbol varchar not null,
  path varchar not null,
  jar int,
  foreign key (jar) references indexed_jar (id) on delete cascade,
  primary key (jar, path, symbol)
)
14:20:24.052 [pool-1-thread-1] DEBUG org.flywaydb.core.internal.sqlscript.DefaultSqlScriptExecutor -- 0 rows affected
14:20:24.053 [pool-1-thread-1] DEBUG org.flywaydb.core.internal.sqlscript.DefaultSqlScriptExecutor -- Executing SQL: -- Create index to speedup lookup of jar symbols
create index toplevel_symbol_jar on toplevel_symbol(jar)
14:20:24.054 [pool-1-thread-1] DEBUG org.flywaydb.core.internal.sqlscript.DefaultSqlScriptExecutor -- 0 rows affected
14:20:24.054 [pool-1-thread-1] DEBUG org.flywaydb.core.internal.command.DbMigrate -- Successfully completed migration of schema "PUBLIC" to version "3 - Jar symbols"
14:20:24.056 [pool-1-thread-1] DEBUG org.flywaydb.core.internal.schemahistory.JdbcTableSchemaHistory -- Schema History table "PUBLIC"."flyway_schema_history" successfully updated to reflect changes
14:20:24.060 [pool-1-thread-1] DEBUG org.flywaydb.core.internal.parser.Parser -- Parsing V4__Fingerprints.sql ...
14:20:24.062 [pool-1-thread-1] DEBUG org.flywaydb.core.internal.sqlscript.ParserSqlScript -- Found statement at line 2: -- Fingerprints saved between invocations
create table fingerprints(
  path varchar not null,
  text varchar not null,
  md5 varchar not null,
  id int auto_increment unique
)
14:20:24.062 [pool-1-thread-1] DEBUG org.flywaydb.core.internal.command.DbMigrate -- Starting migration of schema "PUBLIC" to version "4 - Fingerprints" ...
14:20:24.063 [pool-1-thread-1] INFO org.flywaydb.core.internal.command.DbMigrate -- Migrating schema "PUBLIC" to version "4 - Fingerprints"
14:20:24.063 [pool-1-thread-1] DEBUG org.flywaydb.core.internal.sqlscript.DefaultSqlScriptExecutor -- Executing SQL: -- Fingerprints saved between invocations
create table fingerprints(
  path varchar not null,
  text varchar not null,
  md5 varchar not null,
  id int auto_increment unique
)
14:20:24.065 [pool-1-thread-1] DEBUG org.flywaydb.core.internal.sqlscript.DefaultSqlScriptExecutor -- 0 rows affected
14:20:24.065 [pool-1-thread-1] DEBUG org.flywaydb.core.internal.command.DbMigrate -- Successfully completed migration of schema "PUBLIC" to version "4 - Fingerprints"
14:20:24.067 [pool-1-thread-1] DEBUG org.flywaydb.core.internal.schemahistory.JdbcTableSchemaHistory -- Schema History table "PUBLIC"."flyway_schema_history" successfully updated to reflect changes
14:20:24.075 [pool-1-thread-1] INFO org.flywaydb.core.internal.command.DbMigrate -- Successfully applied 4 migrations to schema "PUBLIC", now at version v4 (execution time 00:00.041s)
14:20:24.106 [pool-1-thread-1] DEBUG org.flywaydb.core.FlywayExecutor -- Memory usage: 49 of 100M
2024.03.08 14:20:24 WARN  Build server is not auto-connectable.
Mar 08, 2024 2:20:24 PM org.eclipse.lsp4j.jsonrpc.RemoteEndpoint handleCancellation
WARNING: Unmatched cancel notification for request id 1
2024.03.08 14:20:47 INFO  no build target found for /Users/virajparikh/viraj_work/NYU_Assignments/BDAD/lab5/Lab5/build.sbt. Using presentation compiler with project's scala-library version: 3.3.1
2024.03.08 14:20:58 WARN  Could not find semantic tokens for: file:///Users/virajparikh/viraj_work/NYU_Assignments/BDAD/lab5/Lab5/build.sbt
Mar 08, 2024 2:20:58 PM org.eclipse.lsp4j.jsonrpc.RemoteEndpoint handleCancellation
WARNING: Unmatched cancel notification for request id 9
Mar 08, 2024 2:20:58 PM org.eclipse.lsp4j.jsonrpc.RemoteEndpoint handleCancellation
WARNING: Unmatched cancel notification for request id 13
Mar 08, 2024 2:20:58 PM org.eclipse.lsp4j.jsonrpc.RemoteEndpoint handleCancellation
WARNING: Unmatched cancel notification for request id 18
Mar 08, 2024 2:20:58 PM org.eclipse.lsp4j.jsonrpc.RemoteEndpoint handleCancellation
WARNING: Unmatched cancel notification for request id 15
Mar 08, 2024 2:20:58 PM org.eclipse.lsp4j.jsonrpc.RemoteEndpoint handleCancellation
WARNING: Unmatched cancel notification for request id 16
Mar 08, 2024 2:20:58 PM org.eclipse.lsp4j.jsonrpc.RemoteEndpoint handleCancellation
WARNING: Unmatched cancel notification for request id 14
Mar 08, 2024 2:20:58 PM org.eclipse.lsp4j.jsonrpc.RemoteEndpoint handleCancellation
WARNING: Unmatched cancel notification for request id 20
Mar 08, 2024 2:20:58 PM org.eclipse.lsp4j.jsonrpc.RemoteEndpoint handleCancellation
WARNING: Unmatched cancel notification for request id 21
Mar 08, 2024 2:20:58 PM org.eclipse.lsp4j.jsonrpc.RemoteEndpoint handleCancellation
WARNING: Unmatched cancel notification for request id 22
Mar 08, 2024 2:20:58 PM org.eclipse.lsp4j.jsonrpc.RemoteEndpoint handleCancellation
WARNING: Unmatched cancel notification for request id 24
Mar 08, 2024 2:20:58 PM org.eclipse.lsp4j.jsonrpc.RemoteEndpoint handleCancellation
WARNING: Unmatched cancel notification for request id 25
2024.03.08 14:20:58 WARN  no build target for: /Users/virajparikh/viraj_work/NYU_Assignments/BDAD/lab5/Lab5/build.sbt
Mar 08, 2024 2:20:58 PM org.eclipse.lsp4j.jsonrpc.RemoteEndpoint handleCancellation
WARNING: Unmatched cancel notification for request id 28
Mar 08, 2024 2:20:58 PM org.eclipse.lsp4j.jsonrpc.RemoteEndpoint handleCancellation
WARNING: Unmatched cancel notification for request id 30
Mar 08, 2024 2:20:58 PM org.eclipse.lsp4j.jsonrpc.RemoteEndpoint handleCancellation
WARNING: Unmatched cancel notification for request id 31
2024.03.08 14:20:58 WARN  no build target for: /Users/virajparikh/viraj_work/NYU_Assignments/BDAD/lab5/Lab5/build.sbt
Mar 08, 2024 2:20:58 PM org.eclipse.lsp4j.jsonrpc.RemoteEndpoint handleCancellation
WARNING: Unmatched cancel notification for request id 33
Mar 08, 2024 2:20:58 PM org.eclipse.lsp4j.jsonrpc.RemoteEndpoint handleCancellation
WARNING: Unmatched cancel notification for request id 39
Mar 08, 2024 2:20:58 PM org.eclipse.lsp4j.jsonrpc.RemoteEndpoint handleCancellation
WARNING: Unmatched cancel notification for request id 34
Mar 08, 2024 2:20:58 PM org.eclipse.lsp4j.jsonrpc.RemoteEndpoint handleCancellation
WARNING: Unmatched cancel notification for request id 41
2024.03.08 14:20:59 WARN  Could not find semantic tokens for: file:///Users/virajparikh/viraj_work/NYU_Assignments/BDAD/lab5/Lab5/build.sbt
2024.03.08 14:20:59 INFO  time: code lens generation in 34s
2024.03.08 14:20:59 INFO  time: code lens generation in 33s
2024.03.08 14:20:59 WARN  Could not find semantic tokens for: file:///Users/virajparikh/viraj_work/NYU_Assignments/BDAD/lab5/Lab5/build.sbt
2024.03.08 14:21:31 INFO  skipping build import with status 'Dismissed'
Mar 08, 2024 2:21:35 PM org.eclipse.lsp4j.jsonrpc.services.GenericEndpoint notify
INFO: Unsupported notification method: $/setTrace
